<?xml version="1.0" encoding="UTF-8"?>
<!-- Generated by org.testng.reporters.JUnitReportReporter -->
<testsuite skipped="0" hostname="DESKTOP-ADGURQB" name="playground.aTreiaClasa" tests="4" failures="0" timestamp="2020-03-20T13:42:33 EET" time="0.018" errors="0">
  <testcase name="class3method1" time="0.008" classname="playground.aTreiaClasa"/>
  <testcase name="class3method3" time="0.004" classname="playground.aTreiaClasa"/>
  <testcase name="class3method4" time="0.004" classname="playground.aTreiaClasa"/>
  <testcase name="class3method2" time="0.002" classname="playground.aTreiaClasa"/>
</testsuite> <!-- playground.aTreiaClasa -->
