<?xml version="1.0" encoding="UTF-8"?>
<!-- Generated by org.testng.reporters.JUnitReportReporter -->
<testsuite skipped="0" hostname="DESKTOP-ADGURQB" name="playground.aDouaClasa" tests="4" failures="0" timestamp="2020-03-20T13:42:33 EET" time="0.012" errors="0">
  <testcase name="class2method2" time="0.005" classname="playground.aDouaClasa"/>
  <testcase name="class2method3" time="0.001" classname="playground.aDouaClasa"/>
  <testcase name="class2method1" time="0.003" classname="playground.aDouaClasa"/>
  <testcase name="class2method4" time="0.003" classname="playground.aDouaClasa"/>
</testsuite> <!-- playground.aDouaClasa -->
