<?xml version="1.0" encoding="UTF-8"?>
<!-- Generated by org.testng.reporters.JUnitReportReporter -->
<testsuite skipped="0" hostname="DESKTOP-ADGURQB" name="playground.primaClasa" tests="3" failures="0" timestamp="2020-03-20T13:42:33 EET" time="0.009" errors="0">
  <testcase name="class1method3" time="0.005" classname="playground.primaClasa"/>
  <testcase name="class1method1" time="0.002" classname="playground.primaClasa"/>
  <testcase name="class1method4" time="0.002" classname="playground.primaClasa"/>
</testsuite> <!-- playground.primaClasa -->
