<?xml version="1.0" encoding="UTF-8"?>
<!-- Generated by org.testng.reporters.JUnitReportReporter -->
<testsuite skipped="0" hostname="DESKTOP-ADGURQB" name="playground.aDouaClasa" tests="1" failures="0" timestamp="2020-03-20T14:45:19 EET" time="0.003" errors="0">
  <testcase name="class2method4" time="0.003" classname="playground.aDouaClasa"/>
</testsuite> <!-- playground.aDouaClasa -->
