<?xml version="1.0" encoding="UTF-8"?>
<!-- Generated by org.testng.reporters.JUnitReportReporter -->
<testsuite skipped="0" hostname="DESKTOP-ADGURQB" name="playground.primaClasa" tests="1" failures="0" timestamp="2020-03-20T14:45:19 EET" time="0.012" errors="0">
  <testcase name="class1method1" time="0.012" classname="playground.primaClasa"/>
</testsuite> <!-- playground.primaClasa -->
