<?xml version="1.0" encoding="UTF-8"?>
<!-- Generated by org.testng.reporters.JUnitReportReporter -->
<testsuite skipped="0" hostname="DESKTOP-ADGURQB" name="playground.aPatraClasa" tests="4" failures="0" timestamp="2020-03-20T14:59:30 EET" time="0.005" errors="0">
  <testcase name="class4method2" time="0.001" classname="playground.aPatraClasa"/>
  <testcase name="class4method4" time="0.002" classname="playground.aPatraClasa"/>
  <testcase name="class4method3" time="0.001" classname="playground.aPatraClasa"/>
  <testcase name="class4method1" time="0.001" classname="playground.aPatraClasa"/>
</testsuite> <!-- playground.aPatraClasa -->
